#
# A fatal error has been detected by the Java Runtime Environment:
#
#  SIGSEGV (0xb) at pc=0x00007fc6d66cb430, pid=28280, tid=140491375691520
#
# JRE version: Java(TM) SE Runtime Environment (8.0_45-b14) (build 1.8.0_45-b14)
# Java VM: Java HotSpot(TM) 64-Bit Server VM (25.45-b02 mixed mode linux-amd64 compressed oops)
# Problematic frame:
# V  [libjvm.so+0x899430]  Method::checked_resolve_jmethod_id(_jmethodID*)+0x20
#
# Failed to write core dump. Core dumps have been disabled. To enable core dumping, try "ulimit -c unlimited" before starting Java again
#
# If you would like to submit a bug report, please visit:
#   http://bugreport.java.com/bugreport/crash.jsp
#

---------------  T H R E A D  ---------------

Current thread (0x00007fc6d00c6800):  JavaThread "JDWP Transport Listener: dt_socket" daemon [_thread_in_vm, id=28306, stack(0x00007fc6b27ac000,0x00007fc6b28ad000)]

siginfo: si_signo: 11 (SIGSEGV), si_code: 128 (SI_KERNEL), si_addr: 0x0000000000000000

Registers:
RAX=0x0000000000000001, RBX=0x00007fc6d0005dc0, RCX=0x00007fc6d77f2320, RDX=0x00007fc6d6dcfca0
RSP=0x00007fc6b28aba10, RBP=0x00007fc6b28aba20, RSI=0x00007fc6d00c6800, RDI=0x797567646f6f672f
R8 =0x0000000000000000, R9 =0x00007fc69400e4f0, R10=0x0000000000000010, R11=0x00007fc6d6f80e70
R12=0x0000000000000017, R13=0x797567646f6f672f, R14=0x00007fc6d00c6800, R15=0x00007fc6b28abb27
RIP=0x00007fc6d66cb430, EFLAGS=0x0000000000010202, CSGSFS=0x0000000000000033, ERR=0x0000000000000000
  TRAPNO=0x000000000000000d

Top of Stack: (sp=0x00007fc6b28aba10)
0x00007fc6b28aba10:   0000000000000074 00007fc6d0005dc0
0x00007fc6b28aba20:   00007fc6b28aba90 00007fc6d655cf9e
0x00007fc6b28aba30:   0000000000000073 00007fc6b28aba40
0x00007fc6b28aba40:   00007fc6d00c6800 0000000000000000
0x00007fc6b28aba50:   00007fc600000000 0000000000000000
0x00007fc6b28aba60:   00007fc6b28aba80 00007fc6d54e8e40
0x00007fc6b28aba70:   797567646f6f672f 00007fc6b28abb27
0x00007fc6b28aba80:   000000000000002c 00007fc6b28abb27
0x00007fc6b28aba90:   00007fc6b28abac0 00007fc6d52d48c2
0x00007fc6b28abaa0:   00007fc6b28abac0 797567646f6f672f
0x00007fc6b28abab0:   00007fc6b28abb90 0000000000000160
0x00007fc6b28abac0:   00007fc6b28abb50 00007fc6d52b5aa0
0x00007fc6b28abad0:   00007fc6b28abb08 00007fc6b28abb00
0x00007fc6b28abae0:   00007fc6b28abaf8 00007fc6b28abb1c
0x00007fc6b28abaf0:   0000000194003380 0000000000000000
0x00007fc6b28abb00:   0000000000000000 0000000000000000
0x00007fc6b28abb10:   00007fc6940039d0 00000001b28abb90
0x00007fc6b28abb20:   000000000000002e 0000000000000002
0x00007fc6b28abb30:   000000000000000f 0000000000000002
0x00007fc6b28abb40:   00000000000f0200 000000000000000f
0x00007fc6b28abb50:   00007fc6b28abda0 00007fc6d52c09c6
0x00007fc6b28abb60:   0000420c00000013 00007fc6d60f0200
0x00007fc6b28abb70:   00007fc68c000fc0 0000000000000000
0x00007fc6b28abb80:   00007fc6b28abb90 00007fc6b28abd20
0x00007fc6b28abb90:   00007fc694005530 00007fc6000002b0
0x00007fc6b28abba0:   00007fc69400e510 000000000000012c
0x00007fc6b28abbb0:   00007fc6b28abbe0 00007fc694006610
0x00007fc6b28abbc0:   00007f0000000000 0000420c0000000f
0x00007fc6b28abbd0:   00007fc60000bd80 00007fc6b28abbe0
0x00007fc6b28abbe0:   c67f00002e000000 0400000080e10094
0x00007fc6b28abbf0:   1500000073677261 6176616a4c5b2928
0x00007fc6b28abc00:   74532f676e616c2f 0000003b676e6972 

Instructions: (pc=0x00007fc6d66cb430)
0x00007fc6d66cb410:   55 48 89 e5 53 48 83 ec 08 48 85 ff 75 12 31 db
0x00007fc6d66cb420:   48 89 d8 48 83 c4 08 5b c9 c3 66 0f 1f 44 00 00
0x00007fc6d66cb430:   48 8b 1f 48 85 db 74 e6 48 83 fb 37 74 e0 48 8b
0x00007fc6d66cb440:   03 48 89 df ff 50 10 84 c0 0f 1f 80 00 00 00 00 

Register to memory mapping:

RAX=0x0000000000000001 is an unknown value
RBX=0x00007fc6d0005dc0 is an unknown value
RCX=0x00007fc6d77f2320: <offset 0x219320> in /lib/x86_64-linux-gnu/libpthread.so.0 at 0x00007fc6d75d9000
RDX=0x00007fc6d6dcfca0: <offset 0xf9dca0> in /usr/lib/jvm/java-8-oracle/jre/lib/amd64/server/libjvm.so at 0x00007fc6d5e32000
RSP=0x00007fc6b28aba10 is pointing into the stack for thread: 0x00007fc6d00c6800
RBP=0x00007fc6b28aba20 is pointing into the stack for thread: 0x00007fc6d00c6800
RSI=0x00007fc6d00c6800 is a thread
RDI=0x797567646f6f672f is an unknown value
R8 =0x0000000000000000 is an unknown value
R9 =0x00007fc69400e4f0 is an unknown value
R10=0x0000000000000010 is an unknown value
R11=0x00007fc6d6f80e70: <offset 0x186e70> in /lib/x86_64-linux-gnu/libc.so.6 at 0x00007fc6d6dfa000
R12=0x0000000000000017 is an unknown value
R13=0x797567646f6f672f is an unknown value
R14=0x00007fc6d00c6800 is a thread
R15=0x00007fc6b28abb27 is pointing into the stack for thread: 0x00007fc6d00c6800


Stack: [0x00007fc6b27ac000,0x00007fc6b28ad000],  sp=0x00007fc6b28aba10,  free space=1022k
Native frames: (J=compiled Java code, j=interpreted, Vv=VM code, C=native code)
V  [libjvm.so+0x899430]  Method::checked_resolve_jmethod_id(_jmethodID*)+0x20
V  [libjvm.so+0x72af9e]  jvmti_IsMethodSynthetic+0x2be
C  [libjdwp.so+0x258c2]  isMethodSynthetic+0x42
C  [libjdwp.so+0x6aa0]  methods1+0x1b0
C  [libjdwp.so+0x119c6]  debugLoop_run+0x2b6
C  [libjdwp.so+0x247ff]  attachThread+0x2f
V  [libjvm.so+0x797102]  JvmtiAgentThread::call_start_function()+0xc2
V  [libjvm.so+0xa5c86f]  JavaThread::thread_main_inner()+0xdf
V  [libjvm.so+0xa5c99c]  JavaThread::run()+0x11c
V  [libjvm.so+0x910de8]  java_start(Thread*)+0x108
C  [libpthread.so.0+0x8182]  start_thread+0xc2


---------------  P R O C E S S  ---------------

Java Threads: ( => current thread )
  0x00007fc6d000f800 JavaThread "DestroyJavaVM" [_thread_blocked, id=28286, stack(0x00007fc6d78e2000,0x00007fc6d79e3000)]
  0x00007fc67408b000 JavaThread "Thread-3" daemon [_thread_in_native, id=28327, stack(0x00007fc6b110d000,0x00007fc6b120e000)]
  0x00007fc674080000 JavaThread "Thread-2" daemon [_thread_in_native, id=28326, stack(0x00007fc6b120e000,0x00007fc6b130f000)]
  0x00007fc674087800 JavaThread "process reaper" daemon [_thread_in_native, id=28324, stack(0x00007fc6b130f000,0x00007fc6b1348000)]
  0x00007fc6d0652000 JavaThread "Thread-1" [_thread_blocked, id=28321, stack(0x00007fc6b1649000,0x00007fc6b174a000)]
  0x00007fc6d00d7000 JavaThread "Service Thread" daemon [_thread_blocked, id=28312, stack(0x00007fc6b21a6000,0x00007fc6b22a7000)]
  0x00007fc6d00d1000 JavaThread "C1 CompilerThread2" daemon [_thread_blocked, id=28311, stack(0x00007fc6b22a7000,0x00007fc6b23a8000)]
  0x00007fc6d00cf000 JavaThread "C2 CompilerThread1" daemon [_thread_blocked, id=28310, stack(0x00007fc6b23a8000,0x00007fc6b24a9000)]
  0x00007fc6d00cc000 JavaThread "C2 CompilerThread0" daemon [_thread_blocked, id=28309, stack(0x00007fc6b24a9000,0x00007fc6b25aa000)]
  0x00007fc694001000 JavaThread "JDWP Command Reader" daemon [_thread_in_native, id=28308, stack(0x00007fc6b25aa000,0x00007fc6b26ab000)]
  0x00007fc6d00ca000 JavaThread "JDWP Event Helper Thread" daemon [_thread_blocked, id=28307, stack(0x00007fc6b26ab000,0x00007fc6b27ac000)]
=>0x00007fc6d00c6800 JavaThread "JDWP Transport Listener: dt_socket" daemon [_thread_in_vm, id=28306, stack(0x00007fc6b27ac000,0x00007fc6b28ad000)]
  0x00007fc6d00b9000 JavaThread "Signal Dispatcher" daemon [_thread_blocked, id=28303, stack(0x00007fc6b2ab1000,0x00007fc6b2bb2000)]
  0x00007fc6d0084800 JavaThread "Finalizer" daemon [_thread_blocked, id=28296, stack(0x00007fc6b2bb2000,0x00007fc6b2cb3000)]
  0x00007fc6d0082800 JavaThread "Reference Handler" daemon [_thread_blocked, id=28295, stack(0x00007fc6b2cb3000,0x00007fc6b2db4000)]

Other Threads:
  0x00007fc6d007d000 VMThread [stack: 0x00007fc6b2db4000,0x00007fc6b2eb5000] [id=28294]
  0x00007fc6d00d9000 WatcherThread [stack: 0x00007fc6b20a5000,0x00007fc6b21a6000] [id=28313]

VM state:not at safepoint (normal execution)

VM Mutex/Monitor currently owned by a thread: None

Heap:
 PSYoungGen      total 37888K, used 5438K [0x00000000d6600000, 0x00000000db000000, 0x0000000100000000)
  eden space 32768K, 1% used [0x00000000d6600000,0x00000000d6651f38,0x00000000d8600000)
  from space 5120K, 99% used [0x00000000dab00000,0x00000000daffdb08,0x00000000db000000)
  to   space 5120K, 0% used [0x00000000d8600000,0x00000000d8600000,0x00000000d8b00000)
 ParOldGen       total 86016K, used 3611K [0x0000000083200000, 0x0000000088600000, 0x00000000d6600000)
  object space 86016K, 4% used [0x0000000083200000,0x0000000083586c40,0x0000000088600000)
 Metaspace       used 15411K, capacity 15624K, committed 15744K, reserved 1062912K
  class space    used 2095K, capacity 2165K, committed 2176K, reserved 1048576K

Card table byte_map: [0x00007fc6c0858000,0x00007fc6c0c40000] byte_map_base: 0x00007fc6c043f000

Marking Bits: (ParMarkBitMap*) 0x00007fc6d6dcf760
 Begin Bits: [0x00007fc6a8190000, 0x00007fc6aa0c8000)
 End Bits:   [0x00007fc6aa0c8000, 0x00007fc6ac000000)

Polling page: 0x00007fc6d7a16000

CodeCache: size=245760Kb used=5074Kb max_used=5074Kb free=240685Kb
 bounds [0x00007fc6c1000000, 0x00007fc6c1500000, 0x00007fc6d0000000]
 total_blobs=1841 nmethods=1512 adapters=253
 compilation: enabled

Compilation events (10 events):
Event: 23,562 Thread 0x00007fc6d00d1000 1510       1       org.apache.http.message.BasicHeaderElement::getValue (5 bytes)
Event: 23,562 Thread 0x00007fc6d00d1000 nmethod 1510 0x00007fc6c14f6bd0 code [0x00007fc6c14f6d20, 0x00007fc6c14f6e30]
Event: 23,562 Thread 0x00007fc6d00d1000 1511       1       org.openqa.selenium.remote.SimplePropertyDescriptor::getWriteMethod (5 bytes)
Event: 23,562 Thread 0x00007fc6d00d1000 nmethod 1511 0x00007fc6c14f6e90 code [0x00007fc6c14f6fe0, 0x00007fc6c14f70f0]
Event: 23,563 Thread 0x00007fc6d00d1000 1512       1       java.nio.Buffer::position (5 bytes)
Event: 23,563 Thread 0x00007fc6d00d1000 nmethod 1512 0x00007fc6c14f7150 code [0x00007fc6c14f72a0, 0x00007fc6c14f73b0]
Event: 23,563 Thread 0x00007fc6d00d1000 1513       1       java.nio.Buffer::limit (5 bytes)
Event: 23,563 Thread 0x00007fc6d00d1000 nmethod 1513 0x00007fc6c14f7410 code [0x00007fc6c14f7560, 0x00007fc6c14f7670]
Event: 4691,535 Thread 0x00007fc6d00d1000 1514       1       java.lang.ref.Reference::access$100 (4 bytes)
Event: 4691,535 Thread 0x00007fc6d00d1000 nmethod 1514 0x00007fc6c14f76d0 code [0x00007fc6c14f7820, 0x00007fc6c14f7910]

GC Heap History (4 events):
Event: 1,974 GC heap before
{Heap before GC invocations=1 (full 0):
 PSYoungGen      total 37888K, used 32768K [0x00000000d6600000, 0x00000000d9000000, 0x0000000100000000)
  eden space 32768K, 100% used [0x00000000d6600000,0x00000000d8600000,0x00000000d8600000)
  from space 5120K, 0% used [0x00000000d8b00000,0x00000000d8b00000,0x00000000d9000000)
  to   space 5120K, 0% used [0x00000000d8600000,0x00000000d8600000,0x00000000d8b00000)
 ParOldGen       total 86016K, used 0K [0x0000000083200000, 0x0000000088600000, 0x00000000d6600000)
  object space 86016K, 0% used [0x0000000083200000,0x00000000832001d8,0x0000000088600000)
 Metaspace       used 9086K, capacity 9206K, committed 9472K, reserved 1056768K
  class space    used 1147K, capacity 1184K, committed 1280K, reserved 1048576K
Event: 2,014 GC heap after
Heap after GC invocations=1 (full 0):
 PSYoungGen      total 37888K, used 5093K [0x00000000d6600000, 0x00000000db000000, 0x0000000100000000)
  eden space 32768K, 0% used [0x00000000d6600000,0x00000000d6600000,0x00000000d8600000)
  from space 5120K, 99% used [0x00000000d8600000,0x00000000d8af9678,0x00000000d8b00000)
  to   space 5120K, 0% used [0x00000000dab00000,0x00000000dab00000,0x00000000db000000)
 ParOldGen       total 86016K, used 947K [0x0000000083200000, 0x0000000088600000, 0x00000000d6600000)
  object space 86016K, 1% used [0x0000000083200000,0x00000000832ecf28,0x0000000088600000)
 Metaspace       used 9086K, capacity 9206K, committed 9472K, reserved 1056768K
  class space    used 1147K, capacity 1184K, committed 1280K, reserved 1048576K
}
Event: 4691,394 GC heap before
{Heap before GC invocations=2 (full 0):
 PSYoungGen      total 37888K, used 37861K [0x00000000d6600000, 0x00000000db000000, 0x0000000100000000)
  eden space 32768K, 100% used [0x00000000d6600000,0x00000000d8600000,0x00000000d8600000)
  from space 5120K, 99% used [0x00000000d8600000,0x00000000d8af9678,0x00000000d8b00000)
  to   space 5120K, 0% used [0x00000000dab00000,0x00000000dab00000,0x00000000db000000)
 ParOldGen       total 86016K, used 952K [0x0000000083200000, 0x0000000088600000, 0x00000000d6600000)
  object space 86016K, 1% used [0x0000000083200000,0x00000000832ee108,0x0000000088600000)
 Metaspace       used 15406K, capacity 15624K, committed 15744K, reserved 1062912K
  class space    used 2094K, capacity 2165K, committed 2176K, reserved 1048576K
Event: 4691,427 GC heap after
Heap after GC invocations=2 (full 0):
 PSYoungGen      total 37888K, used 5110K [0x00000000d6600000, 0x00000000db000000, 0x0000000100000000)
  eden space 32768K, 0% used [0x00000000d6600000,0x00000000d6600000,0x00000000d8600000)
  from space 5120K, 99% used [0x00000000dab00000,0x00000000daffdb08,0x00000000db000000)
  to   space 5120K, 0% used [0x00000000d8600000,0x00000000d8600000,0x00000000d8b00000)
 ParOldGen       total 86016K, used 3611K [0x0000000083200000, 0x0000000088600000, 0x00000000d6600000)
  object space 86016K, 4% used [0x0000000083200000,0x0000000083586c40,0x0000000088600000)
 Metaspace       used 15406K, capacity 15624K, committed 15744K, reserved 1062912K
  class space    used 2094K, capacity 2165K, committed 2176K, reserved 1048576K
}

Deoptimization events (10 events):
Event: 0,657 Thread 0x00007fc6d000f800 Uncommon trap: reason=unstable_if action=reinterpret pc=0x00007fc6c11948e8 method=java.lang.String.indexOf([CII[CIII)I @ 123
Event: 0,710 Thread 0x00007fc6d000f800 Uncommon trap: reason=unstable_if action=reinterpret pc=0x00007fc6c11619b4 method=java.lang.String.startsWith(Ljava/lang/String;I)Z @ 25
Event: 0,829 Thread 0x00007fc6d000f800 Uncommon trap: reason=unstable_if action=reinterpret pc=0x00007fc6c11514a0 method=java.lang.String.indexOf(II)I @ 49
Event: 1,055 Thread 0x00007fc6d000f800 Uncommon trap: reason=unstable_if action=reinterpret pc=0x00007fc6c11c431c method=sun.misc.URLClassPath.getLoader(I)Lsun/misc/URLClassPath$Loader; @ 101
Event: 1,170 Thread 0x00007fc6d000f800 Uncommon trap: reason=unstable_if action=reinterpret pc=0x00007fc6c11ca77c method=sun.misc.MetaIndex.mayContain(Ljava/lang/String;)Z @ 38
Event: 1,533 Thread 0x00007fc6d000f800 Uncommon trap: reason=unstable_if action=reinterpret pc=0x00007fc6c11d42e0 method=java.lang.CharacterData.of(I)Ljava/lang/CharacterData; @ 4
Event: 1,887 Thread 0x00007fc6d000f800 Uncommon trap: reason=unstable_if action=reinterpret pc=0x00007fc6c12a9b64 method=java.io.ByteArrayInputStream.read([BII)I @ 63
Event: 2,098 Thread 0x00007fc6d0658800 Uncommon trap: reason=unstable_if action=reinterpret pc=0x00007fc6c123a4a0 method=sun.net.www.ParseUtil.encodePath(Ljava/lang/String;Z)Ljava/lang/String; @ 109
Event: 2,120 Thread 0x00007fc6d0658800 Uncommon trap: reason=unstable_if action=reinterpret pc=0x00007fc6c1266bb4 method=java.lang.CharacterDataLatin1.digit(II)I @ 82
Event: 2,250 Thread 0x00007fc6d0652000 Uncommon trap: reason=unstable_if action=reinterpret pc=0x00007fc6c12f7914 method=java.util.Arrays.equals([B[B)Z @ 2

Internal exceptions (10 events):
Event: 2,730 Thread 0x00007fc6d000f800 Exception <a 'java/lang/ArrayIndexOutOfBoundsException': 18> (0x00000000d6c498c0) thrown at [/RE-WORK/workspace/8-2-build-linux-amd64/jdk8u45/3457/hotspot/src/share/vm/interpreter/interpreterRuntime.cpp, line 366]
Event: 2,730 Thread 0x00007fc6d000f800 Exception <a 'java/lang/ArrayIndexOutOfBoundsException': 139> (0x00000000d6c4b6b0) thrown at [/RE-WORK/workspace/8-2-build-linux-amd64/jdk8u45/3457/hotspot/src/share/vm/interpreter/interpreterRuntime.cpp, line 366]
Event: 2,732 Thread 0x00007fc6d000f800 Exception <a 'java/lang/ArrayIndexOutOfBoundsException'> (0x00000000d6c4cbe8) thrown at [/RE-WORK/workspace/8-2-build-linux-amd64/jdk8u45/3457/hotspot/src/share/vm/runtime/sharedRuntime.cpp, line 605]
Event: 2,736 Thread 0x00007fc6d000f800 Exception <a 'java/lang/ArrayIndexOutOfBoundsException'> (0x00000000d6c54678) thrown at [/RE-WORK/workspace/8-2-build-linux-amd64/jdk8u45/3457/hotspot/src/share/vm/runtime/sharedRuntime.cpp, line 605]
Event: 2,737 Thread 0x00007fc6d000f800 Exception <a 'java/lang/ArrayIndexOutOfBoundsException'> (0x00000000d6c55f38) thrown at [/RE-WORK/workspace/8-2-build-linux-amd64/jdk8u45/3457/hotspot/src/share/vm/runtime/sharedRuntime.cpp, line 605]
Event: 2,737 Thread 0x00007fc6d000f800 Exception <a 'java/lang/ArrayIndexOutOfBoundsException'> (0x00000000d6c570d0) thrown at [/RE-WORK/workspace/8-2-build-linux-amd64/jdk8u45/3457/hotspot/src/share/vm/runtime/sharedRuntime.cpp, line 605]
Event: 2,737 Thread 0x00007fc6d000f800 Exception <a 'java/lang/ArrayIndexOutOfBoundsException'> (0x00000000d6c58390) thrown at [/RE-WORK/workspace/8-2-build-linux-amd64/jdk8u45/3457/hotspot/src/share/vm/runtime/sharedRuntime.cpp, line 605]
Event: 2,740 Thread 0x00007fc6d000f800 Exception <a 'java/lang/ArrayIndexOutOfBoundsException'> (0x00000000d6c664f8) thrown at [/RE-WORK/workspace/8-2-build-linux-amd64/jdk8u45/3457/hotspot/src/share/vm/runtime/sharedRuntime.cpp, line 605]
Event: 2,811 Thread 0x00007fc6d000f800 Exception <a 'java/lang/ArrayIndexOutOfBoundsException'> (0x00000000d6eddb18) thrown at [/RE-WORK/workspace/8-2-build-linux-amd64/jdk8u45/3457/hotspot/src/share/vm/runtime/sharedRuntime.cpp, line 605]
Event: 2,811 Thread 0x00007fc6d000f800 Exception <a 'java/lang/ArrayIndexOutOfBoundsException'> (0x00000000d6edf3d8) thrown at [/RE-WORK/workspace/8-2-build-linux-amd64/jdk8u45/3457/hotspot/src/share/vm/runtime/sharedRuntime.cpp, line 605]

Events (10 events):
Event: 23,564 Thread 0x00007fc6d000f800 Thread added: 0x00007fc6d000f800
Event: 62,640 Thread 0x00007fc6d0658800 Thread exited: 0x00007fc6d0658800
Event: 536,934 Executing VM operation: RedefineClasses
Event: 537,060 Executing VM operation: RedefineClasses done
Event: 921,382 Executing VM operation: RedefineClasses
Event: 921,623 Executing VM operation: RedefineClasses done
Event: 4691,394 Executing VM operation: ParallelGCFailedAllocation
Event: 4691,428 Executing VM operation: ParallelGCFailedAllocation done
Event: 4691,428 Executing VM operation: RedefineClasses
Event: 4691,533 Executing VM operation: RedefineClasses done


Dynamic libraries:
00400000-00401000 r-xp 00000000 08:11 40636687                           /usr/lib/jvm/java-8-oracle/bin/java
00600000-00601000 rw-p 00000000 08:11 40636687                           /usr/lib/jvm/java-8-oracle/bin/java
023f1000-02412000 rw-p 00000000 00:00 0                                  [heap]
83200000-88600000 rw-p 00000000 00:00 0 
88600000-d6600000 ---p 00000000 00:00 0 
d6600000-db000000 rw-p 00000000 00:00 0 
db000000-100000000 ---p 00000000 00:00 0 
100000000-100220000 rw-p 00000000 00:00 0 
100220000-140000000 ---p 00000000 00:00 0 
7fc660000000-7fc660021000 rw-p 00000000 00:00 0 
7fc660021000-7fc664000000 ---p 00000000 00:00 0 
7fc664000000-7fc664021000 rw-p 00000000 00:00 0 
7fc664021000-7fc668000000 ---p 00000000 00:00 0 
7fc668000000-7fc668021000 rw-p 00000000 00:00 0 
7fc668021000-7fc66c000000 ---p 00000000 00:00 0 
7fc66c000000-7fc66c021000 rw-p 00000000 00:00 0 
7fc66c021000-7fc670000000 ---p 00000000 00:00 0 
7fc670000000-7fc670021000 rw-p 00000000 00:00 0 
7fc670021000-7fc674000000 ---p 00000000 00:00 0 
7fc674000000-7fc674091000 rw-p 00000000 00:00 0 
7fc674091000-7fc678000000 ---p 00000000 00:00 0 
7fc678000000-7fc6785f6000 rw-p 00000000 00:00 0 
7fc6785f6000-7fc67c000000 ---p 00000000 00:00 0 
7fc67c000000-7fc67c021000 rw-p 00000000 00:00 0 
7fc67c021000-7fc680000000 ---p 00000000 00:00 0 
7fc680000000-7fc68048e000 rw-p 00000000 00:00 0 
7fc68048e000-7fc684000000 ---p 00000000 00:00 0 
7fc684000000-7fc684aeb000 rw-p 00000000 00:00 0 
7fc684aeb000-7fc688000000 ---p 00000000 00:00 0 
7fc688000000-7fc688036000 rw-p 00000000 00:00 0 
7fc688036000-7fc68c000000 ---p 00000000 00:00 0 
7fc68c000000-7fc68c021000 rw-p 00000000 00:00 0 
7fc68c021000-7fc690000000 ---p 00000000 00:00 0 
7fc690000000-7fc690021000 rw-p 00000000 00:00 0 
7fc690021000-7fc694000000 ---p 00000000 00:00 0 
7fc694000000-7fc6942ad000 rw-p 00000000 00:00 0 
7fc6942ad000-7fc698000000 ---p 00000000 00:00 0 
7fc698000000-7fc698021000 rw-p 00000000 00:00 0 
7fc698021000-7fc69c000000 ---p 00000000 00:00 0 
7fc69c000000-7fc69c021000 rw-p 00000000 00:00 0 
7fc69c021000-7fc6a0000000 ---p 00000000 00:00 0 
7fc6a0000000-7fc6a0021000 rw-p 00000000 00:00 0 
7fc6a0021000-7fc6a4000000 ---p 00000000 00:00 0 
7fc6a7990000-7fc6ac000000 rw-p 00000000 00:00 0 
7fc6ac000000-7fc6ac021000 rw-p 00000000 00:00 0 
7fc6ac021000-7fc6b0000000 ---p 00000000 00:00 0 
7fc6b0d0d000-7fc6b0e4d000 rw-p 00000000 00:00 0 
7fc6b0e4d000-7fc6b0f0d000 ---p 00000000 00:00 0 
7fc6b0f0d000-7fc6b110d000 rw-p 00000000 00:00 0 
7fc6b110d000-7fc6b1110000 ---p 00000000 00:00 0 
7fc6b1110000-7fc6b120e000 rw-p 00000000 00:00 0                          [stack:28327]
7fc6b120e000-7fc6b1211000 ---p 00000000 00:00 0 
7fc6b1211000-7fc6b130f000 rw-p 00000000 00:00 0                          [stack:28326]
7fc6b130f000-7fc6b1312000 ---p 00000000 00:00 0 
7fc6b1312000-7fc6b1348000 rw-p 00000000 00:00 0                          [stack:28324]
7fc6b1348000-7fc6b134b000 ---p 00000000 00:00 0 
7fc6b134b000-7fc6b1649000 rw-p 00000000 00:00 0 
7fc6b1649000-7fc6b164c000 ---p 00000000 00:00 0 
7fc6b164c000-7fc6b174a000 rw-p 00000000 00:00 0                          [stack:28321]
7fc6b174a000-7fc6b1760000 r-xp 00000000 08:11 12320966                   /lib/x86_64-linux-gnu/libgcc_s.so.1
7fc6b1760000-7fc6b195f000 ---p 00016000 08:11 12320966                   /lib/x86_64-linux-gnu/libgcc_s.so.1
7fc6b195f000-7fc6b1960000 rw-p 00015000 08:11 12320966                   /lib/x86_64-linux-gnu/libgcc_s.so.1
7fc6b1966000-7fc6b1969000 rw-p 00000000 00:00 0 
7fc6b1969000-7fc6b1974000 r--s 00116000 08:11 40642100                   /usr/lib/jvm/java-8-oracle/jre/lib/ext/localedata.jar
7fc6b1974000-7fc6b1990000 r--s 00393000 08:11 40642094                   /usr/lib/jvm/java-8-oracle/jre/lib/ext/cldrdata.jar
7fc6b1990000-7fc6b19c2000 r-xp 00000000 08:11 40641113                   /usr/lib/jvm/java-8-oracle/jre/lib/amd64/libsunec.so
7fc6b19c2000-7fc6b1bc1000 ---p 00032000 08:11 40641113                   /usr/lib/jvm/java-8-oracle/jre/lib/amd64/libsunec.so
7fc6b1bc1000-7fc6b1bc7000 rw-p 00031000 08:11 40641113                   /usr/lib/jvm/java-8-oracle/jre/lib/amd64/libsunec.so
7fc6b1bc7000-7fc6b1bd7000 rw-p 00000000 00:00 0 
7fc6b1bd7000-7fc6b1bd8000 r--s 00009000 08:11 40642096                   /usr/lib/jvm/java-8-oracle/jre/lib/ext/sunec.jar
7fc6b1bd8000-7fc6b1bdb000 r--s 0001a000 08:11 40639139                   /usr/lib/jvm/java-8-oracle/jre/lib/jce.jar
7fc6b1bdb000-7fc6b1be0000 r--s 00094000 08:11 40639140                   /usr/lib/jvm/java-8-oracle/jre/lib/jsse.jar
7fc6b1be0000-7fc6b1be2000 r--s 00016000 08:11 29627611                   /home/wonko/Scala/Tools/idea-IC-141.178.9/lib/idea_rt.jar
7fc6b1be2000-7fc6b1bea000 r--s 00097000 08:11 14959015                   /home/wonko/.ivy2/cache/org.postgresql/postgresql/jars/postgresql-9.4-1201-jdbc41.jar
7fc6b1bea000-7fc6b1bec000 r--s 00005000 08:11 37094504                   /home/wonko/Scala/Activator/activator-1.3.2/repository/org.slf4j/slf4j-api/1.6.4/jars/slf4j-api.jar
7fc6b1bec000-7fc6b1bed000 r--s 00000000 08:11 14958681                   /home/wonko/.ivy2/cache/org.reactivestreams/reactive-streams/jars/reactive-streams-1.0.0.RC4.jar
7fc6b1bed000-7fc6b1c32000 r--s 003df000 08:11 22680947                   /home/wonko/.ivy2/cache/com.typesafe.slick/slick_2.11/bundles/slick_2.11-3.0.0-RC3.jar
7fc6b1c32000-7fc6b1c36000 r--s 00032000 08:11 18090060                   /home/wonko/.ivy2/cache/com.typesafe/config/bundles/config-1.2.1.jar
7fc6b1c36000-7fc6b1c3f000 r--s 0002d000 08:11 21889760                   /home/wonko/.ivy2/cache/xml-apis/xml-apis/jars/xml-apis-1.4.01.jar
7fc6b1c3f000-7fc6b1c58000 r--s 00135000 08:11 21889748                   /home/wonko/.ivy2/cache/xerces/xercesImpl/jars/xercesImpl-2.11.0.jar
7fc6b1c58000-7fc6b1c7d000 r--s 002e3000 08:11 21889816                   /home/wonko/.ivy2/cache/xalan/xalan/jars/xalan-2.7.1.jar
7fc6b1c7d000-7fc6b1c80000 r--s 00041000 08:11 21889830                   /home/wonko/.ivy2/cache/xalan/serializer/jars/serializer-2.7.1.jar
7fc6b1c80000-7fc6b1c85000 r--s 00024000 08:11 21889798                   /home/wonko/.ivy2/cache/org.webbitserver/webbit/jars/webbit-0.4.14.jar
7fc6b1c85000-7fc6b1c86000 r--s 00003000 08:11 21889832                   /home/wonko/.ivy2/cache/org.w3c.css/sac/jars/sac-1.3.jar
7fc6b1c86000-7fc6b1c9c000 r-xp 00000000 08:11 40640848                   /usr/lib/jvm/java-8-oracle/jre/lib/amd64/libnet.so
7fc6b1c9c000-7fc6b1e9c000 ---p 00016000 08:11 40640848                   /usr/lib/jvm/java-8-oracle/jre/lib/amd64/libnet.so
7fc6b1e9c000-7fc6b1e9d000 rw-p 00016000 08:11 40640848                   /usr/lib/jvm/java-8-oracle/jre/lib/amd64/libnet.so
7fc6b1e9d000-7fc6b1ea2000 r--s 0001d000 08:11 21892855                   /home/wonko/.ivy2/cache/org.seleniumhq.selenium/selenium-support/jars/selenium-support-2.44.0.jar
7fc6b1ea2000-7fc6b1ea4000 r--s 00044000 08:11 21892854                   /home/wonko/.ivy2/cache/org.seleniumhq.selenium/selenium-safari-driver/jars/selenium-safari-driver-2.44.0.jar
7fc6b1ea4000-7fc6b1ea9000 r--s 00033000 08:11 21892856                   /home/wonko/.ivy2/cache/org.seleniumhq.selenium/selenium-remote-driver/jars/selenium-remote-driver-2.44.0.jar
7fc6b1ea9000-7fc6b1eae000 r--s 0005c000 08:11 21892849                   /home/wonko/.ivy2/cache/org.seleniumhq.selenium/selenium-java/jars/selenium-java-2.44.0.jar
7fc6b1eae000-7fc6b1eaf000 r--s 00002000 08:11 21892853                   /home/wonko/.ivy2/cache/org.seleniumhq.selenium/selenium-ie-driver/jars/selenium-ie-driver-2.44.0.jar
7fc6b1eaf000-7fc6b1eb1000 r--s 0000d000 08:11 21892851                   /home/wonko/.ivy2/cache/org.seleniumhq.selenium/selenium-htmlunit-driver/jars/selenium-htmlunit-driver-2.44.0.jar
7fc6b1eb1000-7fc6b1eb3000 r--s 00274000 08:11 21892852                   /home/wonko/.ivy2/cache/org.seleniumhq.selenium/selenium-firefox-driver/jars/selenium-firefox-driver-2.44.0.jar
7fc6b1eb3000-7fc6b1eb4000 r--s 00002000 08:11 21892850                   /home/wonko/.ivy2/cache/org.seleniumhq.selenium/selenium-chrome-driver/jars/selenium-chrome-driver-2.44.0.jar
7fc6b1eb4000-7fc6b1eb9000 r--s 0001c000 08:11 21892857                   /home/wonko/.ivy2/cache/org.seleniumhq.selenium/selenium-api/jars/selenium-api-2.44.0.jar
7fc6b1eb9000-7fc6b1f1f000 r--s 00675000 08:11 36966037                   /home/wonko/Scala/Activator/activator-1.3.2/repository/org.scalatest/scalatest_2.11/2.2.4/bundles/scalatest_2.11.jar
7fc6b1f1f000-7fc6b1f25000 r--s 00047000 08:11 21893093                   /home/wonko/.ivy2/cache/org.jsoup/jsoup/jars/jsoup-1.8.2.jar
7fc6b1f25000-7fc6b1f28000 r--s 0001d000 08:11 21892866                   /home/wonko/.ivy2/cache/org.eclipse.jetty/jetty-websocket/jars/jetty-websocket-8.1.15.v20140411.jar
7fc6b1f28000-7fc6b1f2d000 r--s 00042000 08:11 18221589                   /home/wonko/.ivy2/cache/org.eclipse.jetty/jetty-util/jars/jetty-util-8.1.15.v20140411.jar
7fc6b1f2d000-7fc6b1f2f000 r--s 00018000 08:11 18221590                   /home/wonko/.ivy2/cache/org.eclipse.jetty/jetty-io/jars/jetty-io-8.1.15.v20140411.jar
7fc6b1f2f000-7fc6b1f31000 r--s 00016000 08:11 18221591                   /home/wonko/.ivy2/cache/org.eclipse.jetty/jetty-http/jars/jetty-http-8.1.15.v20140411.jar
7fc6b1f31000-7fc6b1f33000 r--s 00008000 08:11 21892862                   /home/wonko/.ivy2/cache/org.apache.httpcomponents/httpmime/jars/httpmime-4.3.3.jar
7fc6b1f33000-7fc6b1f39000 r--s 0003f000 08:11 21892859                   /home/wonko/.ivy2/cache/org.apache.httpcomponents/httpcore/jars/httpcore-4.3.2.jar
7fc6b1f39000-7fc6b1f45000 r--s 00085000 08:11 21892858                   /home/wonko/.ivy2/cache/org.apache.httpcomponents/httpclient/jars/httpclient-4.3.4.jar
7fc6b1f45000-7fc6b1f4c000 r--s 0005e000 08:11 21892861                   /home/wonko/.ivy2/cache/org.apache.commons/commons-lang3/jars/commons-lang3-3.3.2.jar
7fc6b1f4c000-7fc6b1f4e000 r--s 0000b000 08:11 21889807                   /home/wonko/.ivy2/cache/org.apache.commons/commons-exec/jars/commons-exec-1.1.jar
7fc6b1f4e000-7fc6b1f51000 r--s 0001c000 08:11 21892864                   /home/wonko/.ivy2/cache/net.sourceforge.nekohtml/nekohtml/jars/nekohtml-1.9.21.jar
7fc6b1f51000-7fc6b1f5e000 r--s 000ee000 08:11 21892863                   /home/wonko/.ivy2/cache/net.sourceforge.htmlunit/htmlunit-core-js/jars/htmlunit-core-js-2.15.jar
7fc6b1f5e000-7fc6b1f77000 r--s 0014a000 08:11 21892860                   /home/wonko/.ivy2/cache/net.sourceforge.htmlunit/htmlunit/jars/htmlunit-2.15.jar
7fc6b1f77000-7fc6b1f7b000 r--s 00053000 08:11 21892865                   /home/wonko/.ivy2/cache/net.sourceforge.cssparser/cssparser/jars/cssparser-0.9.14.jar
7fc6b1f7b000-7fc6b1f86000 r--s 000d5000 08:11 21889811                   /home/wonko/.ivy2/cache/net.java.dev.jna/platform/jars/platform-3.4.0.jar
7fc6b1f86000-7fc6b1f8a000 r--s 000f3000 08:11 21889809                   /home/wonko/.ivy2/cache/net.java.dev.jna/jna/jars/jna-3.4.0.jar
7fc6b1f8a000-7fc6b1f9f000 r--s 000fd000 08:11 21893057                   /home/wonko/.ivy2/cache/io.netty/netty/bundles/netty-3.5.2.Final.jar
7fc6b1f9f000-7fc6b1fa1000 r--s 0000e000 08:11 18221558                   /home/wonko/.ivy2/cache/commons-logging/commons-logging/jars/commons-logging-1.1.3.jar
7fc6b1fa1000-7fc6b1faf000 r--s 0007f000 08:11 21889818                   /home/wonko/.ivy2/cache/commons-collections/commons-collections/jars/commons-collections-3.2.1.jar
7fc6b1faf000-7fc6b1fb6000 r--s 0003a000 08:11 18219784                   /home/wonko/.ivy2/cache/commons-codec/commons-codec/jars/commons-codec-1.9.jar
7fc6b1fb6000-7fc6b1fe1000 r--s 001fc000 08:11 18090170                   /home/wonko/.ivy2/cache/com.google.guava/guava/bundles/guava-18.0.jar
7fc6b1fe1000-7fc6b1fe6000 r--s 0002e000 08:11 15339808                   /home/wonko/.ivy2/cache/com.google.code.gson/gson/jars/gson-2.3.jar
7fc6b1fe6000-7fc6b1fed000 r--s 00049000 08:11 21889802                   /home/wonko/.ivy2/cache/cglib/cglib-nodep/jars/cglib-nodep-2.1_3.jar
7fc6b1fed000-7fc6b2039000 r--s 003f3000 08:11 18090544                   /home/wonko/.ivy2/cache/org.scala-lang/scala-reflect/jars/scala-reflect-2.11.6.jar
7fc6b2039000-7fc6b2092000 r--s 004f6000 08:11 18090542                   /home/wonko/.ivy2/cache/org.scala-lang/scala-library/jars/scala-library-2.11.6.jar
7fc6b2092000-7fc6b20a5000 r--s 00344000 08:11 40642196                   /usr/lib/jvm/java-8-oracle/jre/lib/resources.jar
7fc6b20a5000-7fc6b20a6000 ---p 00000000 00:00 0 
7fc6b20a6000-7fc6b21a6000 rw-p 00000000 00:00 0                          [stack:28313]
7fc6b21a6000-7fc6b21a9000 ---p 00000000 00:00 0 
7fc6b21a9000-7fc6b22a7000 rw-p 00000000 00:00 0                          [stack:28312]
7fc6b22a7000-7fc6b22aa000 ---p 00000000 00:00 0 
7fc6b22aa000-7fc6b23a8000 rw-p 00000000 00:00 0                          [stack:28311]
7fc6b23a8000-7fc6b23ab000 ---p 00000000 00:00 0 
7fc6b23ab000-7fc6b24a9000 rw-p 00000000 00:00 0                          [stack:28310]
7fc6b24a9000-7fc6b24ac000 ---p 00000000 00:00 0 
7fc6b24ac000-7fc6b25aa000 rw-p 00000000 00:00 0                          [stack:28309]
7fc6b25aa000-7fc6b25ad000 ---p 00000000 00:00 0 
7fc6b25ad000-7fc6b26ab000 rw-p 00000000 00:00 0                          [stack:28308]
7fc6b26ab000-7fc6b26ae000 ---p 00000000 00:00 0 
7fc6b26ae000-7fc6b27ac000 rw-p 00000000 00:00 0                          [stack:28307]
7fc6b27ac000-7fc6b27af000 ---p 00000000 00:00 0 
7fc6b27af000-7fc6b28ad000 rw-p 00000000 00:00 0                          [stack:28306]
7fc6b28ad000-7fc6b28b1000 r-xp 00000000 08:11 40641995                   /usr/lib/jvm/java-8-oracle/jre/lib/amd64/libdt_socket.so
7fc6b28b1000-7fc6b2ab0000 ---p 00004000 08:11 40641995                   /usr/lib/jvm/java-8-oracle/jre/lib/amd64/libdt_socket.so
7fc6b2ab0000-7fc6b2ab1000 rw-p 00003000 08:11 40641995                   /usr/lib/jvm/java-8-oracle/jre/lib/amd64/libdt_socket.so
7fc6b2ab1000-7fc6b2ab4000 ---p 00000000 00:00 0 
7fc6b2ab4000-7fc6b2bb2000 rw-p 00000000 00:00 0                          [stack:28303]
7fc6b2bb2000-7fc6b2bb5000 ---p 00000000 00:00 0 
7fc6b2bb5000-7fc6b2cb3000 rw-p 00000000 00:00 0                          [stack:28296]
7fc6b2cb3000-7fc6b2cb6000 ---p 00000000 00:00 0 
7fc6b2cb6000-7fc6b2db4000 rw-p 00000000 00:00 0                          [stack:28295]
7fc6b2db4000-7fc6b2db5000 ---p 00000000 00:00 0 
7fc6b2db5000-7fc6b3e27000 rw-p 00000000 00:00 0                          [stack:28294]
7fc6b3e27000-7fc6b4000000 r--s 03d09000 08:11 40642087                   /usr/lib/jvm/java-8-oracle/jre/lib/rt.jar
7fc6b4000000-7fc6b4021000 rw-p 00000000 00:00 0 
7fc6b4021000-7fc6b8000000 ---p 00000000 00:00 0 
7fc6b8000000-7fc6b8021000 rw-p 00000000 00:00 0 
7fc6b8021000-7fc6bc000000 ---p 00000000 00:00 0 
7fc6bc000000-7fc6bc021000 rw-p 00000000 00:00 0 
7fc6bc021000-7fc6c0000000 ---p 00000000 00:00 0 
7fc6c0000000-7fc6c0004000 r--s 0002a000 08:11 18089846                   /home/wonko/.ivy2/cache/commons-io/commons-io/jars/commons-io-2.4.jar
7fc6c0004000-7fc6c001e000 r--s 001f3000 08:11 40642091                   /usr/lib/jvm/java-8-oracle/jre/lib/deploy.jar
7fc6c001e000-7fc6c0454000 rw-p 00000000 00:00 0 
7fc6c0454000-7fc6c0455000 ---p 00000000 00:00 0 
7fc6c0455000-7fc6c0555000 rw-p 00000000 00:00 0                          [stack:28290]
7fc6c0555000-7fc6c0556000 ---p 00000000 00:00 0 
7fc6c0556000-7fc6c0656000 rw-p 00000000 00:00 0                          [stack:28289]
7fc6c0656000-7fc6c0657000 ---p 00000000 00:00 0 
7fc6c0657000-7fc6c0757000 rw-p 00000000 00:00 0                          [stack:28288]
7fc6c0757000-7fc6c0758000 ---p 00000000 00:00 0 
7fc6c0758000-7fc6c0882000 rw-p 00000000 00:00 0                          [stack:28287]
7fc6c0882000-7fc6c0af2000 ---p 00000000 00:00 0 
7fc6c0af2000-7fc6c0b17000 rw-p 00000000 00:00 0 
7fc6c0b17000-7fc6c0c3f000 ---p 00000000 00:00 0 
7fc6c0c3f000-7fc6c0c54000 rw-p 00000000 00:00 0 
7fc6c0c54000-7fc6c1000000 ---p 00000000 00:00 0 
7fc6c1000000-7fc6c1500000 rwxp 00000000 00:00 0 
7fc6c1500000-7fc6d0000000 ---p 00000000 00:00 0 
7fc6d0000000-7fc6d09ba000 rw-p 00000000 00:00 0 
7fc6d09ba000-7fc6d4000000 ---p 00000000 00:00 0 
7fc6d4000000-7fc6d4001000 r--s 00002000 08:11 15339806                   /home/wonko/.ivy2/cache/com.github.detro/phantomjsdriver/jars/phantomjsdriver-1.2.0.jar
7fc6d4001000-7fc6d400c000 r--s 00094000 08:11 28187071                   /home/wonko/.ivy2/cache/org.scala-lang.modules/scala-xml_2.11/bundles/scala-xml_2.11-1.0.3.jar
7fc6d400c000-7fc6d400d000 r--s 00000000 08:11 40642028                   /usr/lib/jvm/java-8-oracle/jre/lib/management-agent.jar
7fc6d400d000-7fc6d4017000 r--s 00069000 08:11 40640431                   /usr/lib/jvm/java-8-oracle/jre/lib/javaws.jar
7fc6d4017000-7fc6d401c000 r--s 00094000 08:11 40639140                   /usr/lib/jvm/java-8-oracle/jre/lib/jsse.jar
7fc6d401c000-7fc6d40dd000 rw-p 00000000 00:00 0 
7fc6d40dd000-7fc6d434d000 ---p 00000000 00:00 0 
7fc6d434d000-7fc6d4367000 r-xp 00000000 08:11 40642018                   /usr/lib/jvm/java-8-oracle/jre/lib/amd64/libzip.so
7fc6d4367000-7fc6d4567000 ---p 0001a000 08:11 40642018                   /usr/lib/jvm/java-8-oracle/jre/lib/amd64/libzip.so
7fc6d4567000-7fc6d4568000 rw-p 0001a000 08:11 40642018                   /usr/lib/jvm/java-8-oracle/jre/lib/amd64/libzip.so
7fc6d4568000-7fc6d4573000 r-xp 00000000 08:11 12320939                   /lib/x86_64-linux-gnu/libnss_files-2.19.so
7fc6d4573000-7fc6d4772000 ---p 0000b000 08:11 12320939                   /lib/x86_64-linux-gnu/libnss_files-2.19.so
7fc6d4772000-7fc6d4773000 r--p 0000a000 08:11 12320939                   /lib/x86_64-linux-gnu/libnss_files-2.19.so
7fc6d4773000-7fc6d4774000 rw-p 0000b000 08:11 12320939                   /lib/x86_64-linux-gnu/libnss_files-2.19.so
7fc6d4774000-7fc6d477f000 r-xp 00000000 08:11 12324625                   /lib/x86_64-linux-gnu/libnss_nis-2.19.so
7fc6d477f000-7fc6d497e000 ---p 0000b000 08:11 12324625                   /lib/x86_64-linux-gnu/libnss_nis-2.19.so
7fc6d497e000-7fc6d497f000 r--p 0000a000 08:11 12324625                   /lib/x86_64-linux-gnu/libnss_nis-2.19.so
7fc6d497f000-7fc6d4980000 rw-p 0000b000 08:11 12324625                   /lib/x86_64-linux-gnu/libnss_nis-2.19.so
7fc6d4980000-7fc6d4997000 r-xp 00000000 08:11 12321065                   /lib/x86_64-linux-gnu/libnsl-2.19.so
7fc6d4997000-7fc6d4b96000 ---p 00017000 08:11 12321065                   /lib/x86_64-linux-gnu/libnsl-2.19.so
7fc6d4b96000-7fc6d4b97000 r--p 00016000 08:11 12321065                   /lib/x86_64-linux-gnu/libnsl-2.19.so
7fc6d4b97000-7fc6d4b98000 rw-p 00017000 08:11 12321065                   /lib/x86_64-linux-gnu/libnsl-2.19.so
7fc6d4b98000-7fc6d4b9a000 rw-p 00000000 00:00 0 
7fc6d4b9a000-7fc6d4ba3000 r-xp 00000000 08:11 12321061                   /lib/x86_64-linux-gnu/libnss_compat-2.19.so
7fc6d4ba3000-7fc6d4da2000 ---p 00009000 08:11 12321061                   /lib/x86_64-linux-gnu/libnss_compat-2.19.so
7fc6d4da2000-7fc6d4da3000 r--p 00008000 08:11 12321061                   /lib/x86_64-linux-gnu/libnss_compat-2.19.so
7fc6d4da3000-7fc6d4da4000 rw-p 00009000 08:11 12321061                   /lib/x86_64-linux-gnu/libnss_compat-2.19.so
7fc6d4da4000-7fc6d50ac000 r--p 00000000 08:11 40632582                   /usr/lib/locale/locale-archive
7fc6d50ac000-7fc6d50ae000 r-xp 00000000 08:11 40641010                   /usr/lib/jvm/java-8-oracle/jre/lib/amd64/libnpt.so
7fc6d50ae000-7fc6d52ae000 ---p 00002000 08:11 40641010                   /usr/lib/jvm/java-8-oracle/jre/lib/amd64/libnpt.so
7fc6d52ae000-7fc6d52af000 rw-p 00002000 08:11 40641010                   /usr/lib/jvm/java-8-oracle/jre/lib/amd64/libnpt.so
7fc6d52af000-7fc6d52e8000 r-xp 00000000 08:11 40642000                   /usr/lib/jvm/java-8-oracle/jre/lib/amd64/libjdwp.so
7fc6d52e8000-7fc6d54e7000 ---p 00039000 08:11 40642000                   /usr/lib/jvm/java-8-oracle/jre/lib/amd64/libjdwp.so
7fc6d54e7000-7fc6d54e9000 rw-p 00038000 08:11 40642000                   /usr/lib/jvm/java-8-oracle/jre/lib/amd64/libjdwp.so
7fc6d54e9000-7fc6d5513000 r-xp 00000000 08:11 40641973                   /usr/lib/jvm/java-8-oracle/jre/lib/amd64/libjava.so
7fc6d5513000-7fc6d5713000 ---p 0002a000 08:11 40641973                   /usr/lib/jvm/java-8-oracle/jre/lib/amd64/libjava.so
7fc6d5713000-7fc6d5715000 rw-p 0002a000 08:11 40641973                   /usr/lib/jvm/java-8-oracle/jre/lib/amd64/libjava.so
7fc6d5715000-7fc6d5722000 r-xp 00000000 08:11 40641848                   /usr/lib/jvm/java-8-oracle/jre/lib/amd64/libverify.so
7fc6d5722000-7fc6d5922000 ---p 0000d000 08:11 40641848                   /usr/lib/jvm/java-8-oracle/jre/lib/amd64/libverify.so
7fc6d5922000-7fc6d5924000 rw-p 0000d000 08:11 40641848                   /usr/lib/jvm/java-8-oracle/jre/lib/amd64/libverify.so
7fc6d5924000-7fc6d592b000 r-xp 00000000 08:11 12324603                   /lib/x86_64-linux-gnu/librt-2.19.so
7fc6d592b000-7fc6d5b2a000 ---p 00007000 08:11 12324603                   /lib/x86_64-linux-gnu/librt-2.19.so
7fc6d5b2a000-7fc6d5b2b000 r--p 00006000 08:11 12324603                   /lib/x86_64-linux-gnu/librt-2.19.so
7fc6d5b2b000-7fc6d5b2c000 rw-p 00007000 08:11 12324603                   /lib/x86_64-linux-gnu/librt-2.19.so
7fc6d5b2c000-7fc6d5c31000 r-xp 00000000 08:11 12320851                   /lib/x86_64-linux-gnu/libm-2.19.so
7fc6d5c31000-7fc6d5e30000 ---p 00105000 08:11 12320851                   /lib/x86_64-linux-gnu/libm-2.19.so
7fc6d5e30000-7fc6d5e31000 r--p 00104000 08:11 12320851                   /lib/x86_64-linux-gnu/libm-2.19.so
7fc6d5e31000-7fc6d5e32000 rw-p 00105000 08:11 12320851                   /lib/x86_64-linux-gnu/libm-2.19.so
7fc6d5e32000-7fc6d6ae0000 r-xp 00000000 08:11 40642017                   /usr/lib/jvm/java-8-oracle/jre/lib/amd64/server/libjvm.so
7fc6d6ae0000-7fc6d6cdf000 ---p 00cae000 08:11 40642017                   /usr/lib/jvm/java-8-oracle/jre/lib/amd64/server/libjvm.so
7fc6d6cdf000-7fc6d6db6000 rw-p 00cad000 08:11 40642017                   /usr/lib/jvm/java-8-oracle/jre/lib/amd64/server/libjvm.so
7fc6d6db6000-7fc6d6dfa000 rw-p 00000000 00:00 0 
7fc6d6dfa000-7fc6d6fb5000 r-xp 00000000 08:11 12324520                   /lib/x86_64-linux-gnu/libc-2.19.so
7fc6d6fb5000-7fc6d71b4000 ---p 001bb000 08:11 12324520                   /lib/x86_64-linux-gnu/libc-2.19.so
7fc6d71b4000-7fc6d71b8000 r--p 001ba000 08:11 12324520                   /lib/x86_64-linux-gnu/libc-2.19.so
7fc6d71b8000-7fc6d71ba000 rw-p 001be000 08:11 12324520                   /lib/x86_64-linux-gnu/libc-2.19.so
7fc6d71ba000-7fc6d71bf000 rw-p 00000000 00:00 0 
7fc6d71bf000-7fc6d71c2000 r-xp 00000000 08:11 12320957                   /lib/x86_64-linux-gnu/libdl-2.19.so
7fc6d71c2000-7fc6d73c1000 ---p 00003000 08:11 12320957                   /lib/x86_64-linux-gnu/libdl-2.19.so
7fc6d73c1000-7fc6d73c2000 r--p 00002000 08:11 12320957                   /lib/x86_64-linux-gnu/libdl-2.19.so
7fc6d73c2000-7fc6d73c3000 rw-p 00003000 08:11 12320957                   /lib/x86_64-linux-gnu/libdl-2.19.so
7fc6d73c3000-7fc6d73d8000 r-xp 00000000 08:11 40895830                   /usr/lib/jvm/java-8-oracle/lib/amd64/jli/libjli.so
7fc6d73d8000-7fc6d75d8000 ---p 00015000 08:11 40895830                   /usr/lib/jvm/java-8-oracle/lib/amd64/jli/libjli.so
7fc6d75d8000-7fc6d75d9000 rw-p 00015000 08:11 40895830                   /usr/lib/jvm/java-8-oracle/lib/amd64/jli/libjli.so
7fc6d75d9000-7fc6d75f2000 r-xp 00000000 08:11 12324547                   /lib/x86_64-linux-gnu/libpthread-2.19.so
7fc6d75f2000-7fc6d77f1000 ---p 00019000 08:11 12324547                   /lib/x86_64-linux-gnu/libpthread-2.19.so
7fc6d77f1000-7fc6d77f2000 r--p 00018000 08:11 12324547                   /lib/x86_64-linux-gnu/libpthread-2.19.so
7fc6d77f2000-7fc6d77f3000 rw-p 00019000 08:11 12324547                   /lib/x86_64-linux-gnu/libpthread-2.19.so
7fc6d77f3000-7fc6d77f7000 rw-p 00000000 00:00 0 
7fc6d77f7000-7fc6d781a000 r-xp 00000000 08:11 12321171                   /lib/x86_64-linux-gnu/ld-2.19.so
7fc6d781a000-7fc6d781c000 r--s 00007000 08:11 40640429                   /usr/lib/jvm/java-8-oracle/jre/lib/jfxswt.jar
7fc6d781c000-7fc6d781f000 r--s 0001a000 08:11 40639139                   /usr/lib/jvm/java-8-oracle/jre/lib/jce.jar
7fc6d781f000-7fc6d7832000 r--s 000d6000 08:11 40639000                   /usr/lib/jvm/java-8-oracle/jre/lib/plugin.jar
7fc6d7832000-7fc6d7837000 r--s 00083000 08:11 40638962                   /usr/lib/jvm/java-8-oracle/jre/lib/jfr.jar
7fc6d7837000-7fc6d78e2000 rw-p 00000000 00:00 0 
7fc6d78e2000-7fc6d78e5000 ---p 00000000 00:00 0 
7fc6d78e5000-7fc6d79e7000 rw-p 00000000 00:00 0                          [stack:28286]
7fc6d79e7000-7fc6d79ec000 r--s 002f8000 08:11 40638115                   /usr/lib/jvm/java-8-oracle/jre/lib/charsets.jar
7fc6d79ec000-7fc6d7a0d000 rw-p 00000000 00:00 0 
7fc6d7a0d000-7fc6d7a15000 rw-s 00000000 08:11 47450976                   /tmp/hsperfdata_wonko/28280
7fc6d7a15000-7fc6d7a16000 rw-p 00000000 00:00 0 
7fc6d7a16000-7fc6d7a17000 r--p 00000000 00:00 0 
7fc6d7a17000-7fc6d7a19000 rw-p 00000000 00:00 0 
7fc6d7a19000-7fc6d7a1a000 r--p 00022000 08:11 12321171                   /lib/x86_64-linux-gnu/ld-2.19.so
7fc6d7a1a000-7fc6d7a1b000 rw-p 00023000 08:11 12321171                   /lib/x86_64-linux-gnu/ld-2.19.so
7fc6d7a1b000-7fc6d7a1c000 rw-p 00000000 00:00 0 
7ffc05a26000-7ffc05a48000 rw-p 00000000 00:00 0                          [stack]
7ffc05b42000-7ffc05b44000 r-xp 00000000 00:00 0                          [vdso]
ffffffffff600000-ffffffffff601000 r-xp 00000000 00:00 0                  [vsyscall]

VM Arguments:
jvm_args: -agentlib:jdwp=transport=dt_socket,address=127.0.0.1:39116,suspend=y,server=n -Dfile.encoding=UTF-8 
java_command: io.goodguys.tugoffline.GathererHarvester
java_class_path (initial): /usr/lib/jvm/java-8-oracle/jre/lib/charsets.jar:/usr/lib/jvm/java-8-oracle/jre/lib/jfr.jar:/usr/lib/jvm/java-8-oracle/jre/lib/plugin.jar:/usr/lib/jvm/java-8-oracle/jre/lib/jce.jar:/usr/lib/jvm/java-8-oracle/jre/lib/jsse.jar:/usr/lib/jvm/java-8-oracle/jre/lib/jfxswt.jar:/usr/lib/jvm/java-8-oracle/jre/lib/javaws.jar:/usr/lib/jvm/java-8-oracle/jre/lib/management-agent.jar:/usr/lib/jvm/java-8-oracle/jre/lib/rt.jar:/usr/lib/jvm/java-8-oracle/jre/lib/deploy.jar:/usr/lib/jvm/java-8-oracle/jre/lib/resources.jar:/usr/lib/jvm/java-8-oracle/jre/lib/ext/nashorn.jar:/usr/lib/jvm/java-8-oracle/jre/lib/ext/cldrdata.jar:/usr/lib/jvm/java-8-oracle/jre/lib/ext/dnsns.jar:/usr/lib/jvm/java-8-oracle/jre/lib/ext/sunec.jar:/usr/lib/jvm/java-8-oracle/jre/lib/ext/zipfs.jar:/usr/lib/jvm/java-8-oracle/jre/lib/ext/sunjce_provider.jar:/usr/lib/jvm/java-8-oracle/jre/lib/ext/localedata.jar:/usr/lib/jvm/java-8-oracle/jre/lib/ext/jfxrt.jar:/usr/lib/jvm/java-8-oracle/jre/lib/ext/sunpkcs11.jar:/home/wonko/Scala/Projects/TugOffline/target/scala-2.11/classes:/home/wonko/.ivy2/cache/org.scala-lang/scala-library/jars/scala-library-2.11.6.jar:/home/wonko/.ivy2/cache/org.scala-lang/scala-reflect/jars/scala-reflect-2.11.6.jar:/home/wonko/.ivy2/cache/org.scala-lang.modules/scala-xml_2.11/bundles/scala-xml_2.11-1.0.3.jar:/home/wonko/.ivy2/cache/cglib/cglib-nodep/jars/cglib-nodep-2.1_3.jar:/home/wonko/.ivy2/cache/com.github.detro/phantomjsdriver/jars/phantomjsdriver-1.2.0.jar:/home/wonko/.ivy2/cache/com.google.code.gson/gson/jars/gson-2.3.jar:/home/wonko/.ivy2/cache/com.google.guava/guava/bundles/guava-18.0.jar:/home/wonko/.ivy2/cache/commons-codec/commons-codec/jars/commons-codec-1.9.jar:/home/wonko/.ivy2/cache/commons-collections/commons-collections/jars/commons-collections-3.2.1.jar:/home/wonko/.ivy2/cache/commons-io/commons-io/jars/commons-io-2.4.jar:/home/wonko/.ivy2/cache/commons-logging/commons-logging/jars/commons-logging-1.1.3.jar:/home/wonko/.ivy2/cache/io.netty/netty/bun
Launcher Type: SUN_STANDARD

Environment Variables:
PATH=/home/wonko/bin:/opt/apache-maven-3.0.5/bin:/usr/local/sbin:/usr/local/bin:/usr/sbin:/usr/bin:/sbin:/bin:/usr/games:/usr/local/games
USERNAME=wonko
LD_LIBRARY_PATH=/home/wonko/Scala/SymLinks/IntelliJ IDEA/bin:
SHELL=/bin/bash
DISPLAY=:0

Signal Handlers:
SIGSEGV: [libjvm.so+0xaad1e0], sa_mask[0]=11111111011111111101111111111110, sa_flags=SA_RESTART|SA_SIGINFO
SIGBUS: [libjvm.so+0xaad1e0], sa_mask[0]=11111111011111111101111111111110, sa_flags=SA_RESTART|SA_SIGINFO
SIGFPE: [libjvm.so+0x90b450], sa_mask[0]=11111111011111111101111111111110, sa_flags=SA_RESTART|SA_SIGINFO
SIGPIPE: [libjvm.so+0x90b450], sa_mask[0]=11111111011111111101111111111110, sa_flags=SA_RESTART|SA_SIGINFO
SIGXFSZ: [libjvm.so+0x90b450], sa_mask[0]=11111111011111111101111111111110, sa_flags=SA_RESTART|SA_SIGINFO
SIGILL: [libjvm.so+0x90b450], sa_mask[0]=11111111011111111101111111111110, sa_flags=SA_RESTART|SA_SIGINFO
SIGUSR1: SIG_DFL, sa_mask[0]=00000000000000000000000000000000, sa_flags=none
SIGUSR2: [libjvm.so+0x90ca90], sa_mask[0]=00100000000000000000000000000000, sa_flags=SA_RESTART|SA_SIGINFO
SIGHUP: [libjvm.so+0x90dde0], sa_mask[0]=11111111011111111101111111111110, sa_flags=SA_RESTART|SA_SIGINFO
SIGINT: [libjvm.so+0x90dde0], sa_mask[0]=11111111011111111101111111111110, sa_flags=SA_RESTART|SA_SIGINFO
SIGTERM: [libjvm.so+0x90dde0], sa_mask[0]=11111111011111111101111111111110, sa_flags=SA_RESTART|SA_SIGINFO
SIGQUIT: [libjvm.so+0x90dde0], sa_mask[0]=11111111011111111101111111111110, sa_flags=SA_RESTART|SA_SIGINFO


---------------  S Y S T E M  ---------------

OS:DISTRIB_ID=LinuxMint
DISTRIB_RELEASE=17.1
DISTRIB_CODENAME=rebecca
DISTRIB_DESCRIPTION="Linux Mint 17.1 Rebecca"

uname:Linux 3.13.0-51-generic #84-Ubuntu SMP Wed Apr 15 12:08:34 UTC 2015 x86_64
libc:glibc 2.19 NPTL 2.19 
rlimit: STACK 8192k, CORE 0k, NPROC 63638, NOFILE 4096, AS infinity
load average:1,43 1,76 1,43

/proc/meminfo:
MemTotal:        8176336 kB
MemFree:          155868 kB
Buffers:           18892 kB
Cached:          1311096 kB
SwapCached:        30312 kB
Active:          5107240 kB
Inactive:        1639836 kB
Active(anon):    4469560 kB
Inactive(anon):  1033928 kB
Active(file):     637680 kB
Inactive(file):   605908 kB
Unevictable:           4 kB
Mlocked:               4 kB
SwapTotal:       4192252 kB
SwapFree:        3344348 kB
Dirty:               704 kB
Writeback:             0 kB
AnonPages:       5387676 kB
Mapped:           274884 kB
Shmem:             86428 kB
Slab:            1112528 kB
SReclaimable:    1056564 kB
SUnreclaim:        55964 kB
KernelStack:        6944 kB
PageTables:        67980 kB
NFS_Unstable:          0 kB
Bounce:                0 kB
WritebackTmp:          0 kB
CommitLimit:     8280420 kB
Committed_AS:   10572060 kB
VmallocTotal:   34359738367 kB
VmallocUsed:      304896 kB
VmallocChunk:   34359407236 kB
HardwareCorrupted:     0 kB
AnonHugePages:   2392064 kB
HugePages_Total:       0
HugePages_Free:        0
HugePages_Rsvd:        0
HugePages_Surp:        0
Hugepagesize:       2048 kB
DirectMap4k:       69120 kB
DirectMap2M:     8318976 kB


CPU:total 4 (4 cores per cpu, 1 threads per core) family 6 model 15 stepping 11, cmov, cx8, fxsr, mmx, sse, sse2, sse3, ssse3, tsc

/proc/cpuinfo:
processor	: 0
vendor_id	: GenuineIntel
cpu family	: 6
model		: 15
model name	: Intel(R) Core(TM)2 Quad CPU    Q6600  @ 2.40GHz
stepping	: 11
microcode	: 0xb6
cpu MHz		: 1596.000
cache size	: 4096 KB
physical id	: 0
siblings	: 4
core id		: 0
cpu cores	: 4
apicid		: 0
initial apicid	: 0
fpu		: yes
fpu_exception	: yes
cpuid level	: 10
wp		: yes
flags		: fpu vme de pse tsc msr pae mce cx8 apic sep mtrr pge mca cmov pat pse36 clflush dts acpi mmx fxsr sse sse2 ss ht tm pbe syscall nx lm constant_tsc arch_perfmon pebs bts rep_good nopl aperfmperf pni dtes64 monitor ds_cpl vmx est tm2 ssse3 cx16 xtpr pdcm lahf_lm dtherm tpr_shadow vnmi flexpriority
bogomips	: 4800.26
clflush size	: 64
cache_alignment	: 64
address sizes	: 36 bits physical, 48 bits virtual
power management:

processor	: 1
vendor_id	: GenuineIntel
cpu family	: 6
model		: 15
model name	: Intel(R) Core(TM)2 Quad CPU    Q6600  @ 2.40GHz
stepping	: 11
microcode	: 0xb6
cpu MHz		: 2394.000
cache size	: 4096 KB
physical id	: 0
siblings	: 4
core id		: 1
cpu cores	: 4
apicid		: 1
initial apicid	: 1
fpu		: yes
fpu_exception	: yes
cpuid level	: 10
wp		: yes
flags		: fpu vme de pse tsc msr pae mce cx8 apic sep mtrr pge mca cmov pat pse36 clflush dts acpi mmx fxsr sse sse2 ss ht tm pbe syscall nx lm constant_tsc arch_perfmon pebs bts rep_good nopl aperfmperf pni dtes64 monitor ds_cpl vmx est tm2 ssse3 cx16 xtpr pdcm lahf_lm dtherm tpr_shadow vnmi flexpriority
bogomips	: 4800.26
clflush size	: 64
cache_alignment	: 64
address sizes	: 36 bits physical, 48 bits virtual
power management:

processor	: 2
vendor_id	: GenuineIntel
cpu family	: 6
model		: 15
model name	: Intel(R) Core(TM)2 Quad CPU    Q6600  @ 2.40GHz
stepping	: 11
microcode	: 0xb6
cpu MHz		: 1596.000
cache size	: 4096 KB
physical id	: 0
siblings	: 4
core id		: 2
cpu cores	: 4
apicid		: 2
initial apicid	: 2
fpu		: yes
fpu_exception	: yes
cpuid level	: 10
wp		: yes
flags		: fpu vme de pse tsc msr pae mce cx8 apic sep mtrr pge mca cmov pat pse36 clflush dts acpi mmx fxsr sse sse2 ss ht tm pbe syscall nx lm constant_tsc arch_perfmon pebs bts rep_good nopl aperfmperf pni dtes64 monitor ds_cpl vmx est tm2 ssse3 cx16 xtpr pdcm lahf_lm dtherm tpr_shadow vnmi flexpriority
bogomips	: 4800.26
clflush size	: 64
cache_alignment	: 64
address sizes	: 36 bits physical, 48 bits virtual
power management:

processor	: 3
vendor_id	: GenuineIntel
cpu family	: 6
model		: 15
model name	: Intel(R) Core(TM)2 Quad CPU    Q6600  @ 2.40GHz
stepping	: 11
microcode	: 0xb6
cpu MHz		: 1596.000
cache size	: 4096 KB
physical id	: 0
siblings	: 4
core id		: 3
cpu cores	: 4
apicid		: 3
initial apicid	: 3
fpu		: yes
fpu_exception	: yes
cpuid level	: 10
wp		: yes
flags		: fpu vme de pse tsc msr pae mce cx8 apic sep mtrr pge mca cmov pat pse36 clflush dts acpi mmx fxsr sse sse2 ss ht tm pbe syscall nx lm constant_tsc arch_perfmon pebs bts rep_good nopl aperfmperf pni dtes64 monitor ds_cpl vmx est tm2 ssse3 cx16 xtpr pdcm lahf_lm dtherm tpr_shadow vnmi flexpriority
bogomips	: 4800.26
clflush size	: 64
cache_alignment	: 64
address sizes	: 36 bits physical, 48 bits virtual
power management:



Memory: 4k page, physical 8176336k(155868k free), swap 4192252k(3344348k free)

vm_info: Java HotSpot(TM) 64-Bit Server VM (25.45-b02) for linux-amd64 JRE (1.8.0_45-b14), built on Apr 10 2015 10:07:45 by "java_re" with gcc 4.3.0 20080428 (Red Hat 4.3.0-8)

time: Fri May  1 14:23:43 2015
elapsed time: 4818 seconds (0d 1h 20m 18s)

